TN:
SF:js\app.js
FN:1,(anonymous_0)
FN:37,showAlert
FN:48,clearValidationStates
FN:60,getDashboardByRole
FN:74,getSafePostLoginRedirectForRole
FN:101,validateTenantLoginForSignedInUser
FN:132,cacheValidatedTenantContext
FN:157,getCachedTenantContext
FN:178,prefillTenantCodeFromCache
FN:187,handleForgotPassword
FN:234,showMessageFromQueryString
FN:271,(anonymous_11)
FN:291,(anonymous_12)
FN:518,(anonymous_13)
FN:542,(anonymous_14)
FNF:15
FNH:0
FNDA:0,(anonymous_0)
FNDA:0,showAlert
FNDA:0,clearValidationStates
FNDA:0,getDashboardByRole
FNDA:0,getSafePostLoginRedirectForRole
FNDA:0,validateTenantLoginForSignedInUser
FNDA:0,cacheValidatedTenantContext
FNDA:0,getCachedTenantContext
FNDA:0,prefillTenantCodeFromCache
FNDA:0,handleForgotPassword
FNDA:0,showMessageFromQueryString
FNDA:0,(anonymous_11)
FNDA:0,(anonymous_12)
FNDA:0,(anonymous_13)
FNDA:0,(anonymous_14)
DA:1,0
DA:2,0
DA:7,0
DA:9,0
DA:10,0
DA:11,0
DA:12,0
DA:13,0
DA:14,0
DA:16,0
DA:18,0
DA:20,0
DA:25,0
DA:26,0
DA:28,0
DA:32,0
DA:35,0
DA:38,0
DA:40,0
DA:51,0
DA:53,0
DA:54,0
DA:61,0
DA:68,0
DA:75,0
DA:77,0
DA:78,0
DA:82,0
DA:84,0
DA:88,0
DA:91,0
DA:94,0
DA:102,0
DA:104,0
DA:111,0
DA:112,0
DA:115,0
DA:117,0
DA:138,0
DA:146,0
DA:151,0
DA:158,0
DA:159,0
DA:160,0
DA:162,0
DA:164,0
DA:165,0
DA:168,0
DA:170,0
DA:171,0
DA:179,0
DA:181,0
DA:182,0
DA:184,0
DA:188,0
DA:190,0
DA:192,0
DA:193,0
DA:195,0
DA:197,0
DA:198,0
DA:199,0
DA:203,0
DA:206,0
DA:208,0
DA:209,0
DA:213,0
DA:214,0
DA:218,0
DA:221,0
DA:226,0
DA:227,0
DA:235,0
DA:236,0
DA:238,0
DA:240,0
DA:242,0
DA:246,0
DA:248,0
DA:249,0
DA:251,0
DA:252,0
DA:254,0
DA:258,0
DA:260,0
DA:264,0
DA:266,0
DA:270,0
DA:271,0
DA:273,0
DA:275,0
DA:280,0
DA:286,0
DA:287,0
DA:290,0
DA:291,0
DA:292,0
DA:294,0
DA:295,0
DA:300,0
DA:304,0
DA:305,0
DA:307,0
DA:313,0
DA:314,0
DA:315,0
DA:318,0
DA:319,0
DA:320,0
DA:323,0
DA:327,0
DA:331,0
DA:334,0
DA:335,0
DA:337,0
DA:338,0
DA:340,0
DA:342,0
DA:347,0
DA:348,0
DA:352,0
DA:355,0
DA:356,0
DA:360,0
DA:363,0
DA:371,0
DA:372,0
DA:373,0
DA:377,0
DA:380,0
DA:381,0
DA:385,0
DA:388,0
DA:389,0
DA:393,0
DA:394,0
DA:400,0
DA:401,0
DA:403,0
DA:404,0
DA:405,0
DA:407,0
DA:409,0
DA:411,0
DA:416,0
DA:424,0
DA:428,0
DA:438,0
DA:440,0
DA:444,0
DA:446,0
DA:448,0
DA:453,0
DA:456,0
DA:457,0
DA:461,0
DA:463,0
DA:465,0
DA:467,0
DA:473,0
DA:480,0
DA:482,0
DA:483,0
DA:485,0
DA:493,0
DA:512,0
DA:513,0
DA:518,0
DA:519,0
DA:522,0
DA:526,0
DA:529,0
DA:534,0
DA:542,0
DA:543,0
DA:546,0
DA:547,0
DA:549,0
DA:550,0
DA:557,0
DA:559,0
LF:181
LH:0
BRDA:38,0,0,0
BRDA:38,0,1,0
BRDA:51,1,0,0
BRDA:51,1,1,0
BRDA:53,2,0,0
BRDA:53,2,1,0
BRDA:54,3,0,0
BRDA:54,3,1,0
BRDA:68,4,0,0
BRDA:68,4,1,0
BRDA:74,5,0,0
BRDA:75,6,0,0
BRDA:75,6,1,0
BRDA:84,7,0,0
BRDA:84,7,1,0
BRDA:85,8,0,0
BRDA:85,8,1,0
BRDA:101,9,0,0
BRDA:102,10,0,0
BRDA:102,10,1,0
BRDA:111,11,0,0
BRDA:111,11,1,0
BRDA:115,12,0,0
BRDA:115,12,1,0
BRDA:119,13,0,0
BRDA:119,13,1,0
BRDA:120,14,0,0
BRDA:120,14,1,0
BRDA:121,15,0,0
BRDA:121,15,1,0
BRDA:123,16,0,0
BRDA:123,16,1,0
BRDA:132,17,0,0
BRDA:133,18,0,0
BRDA:134,19,0,0
BRDA:135,20,0,0
BRDA:136,21,0,0
BRDA:141,22,0,0
BRDA:141,22,1,0
BRDA:142,23,0,0
BRDA:142,23,1,0
BRDA:160,24,0,0
BRDA:160,24,1,0
BRDA:164,25,0,0
BRDA:164,25,1,0
BRDA:179,26,0,0
BRDA:179,26,1,0
BRDA:179,27,0,0
BRDA:179,27,1,0
BRDA:182,28,0,0
BRDA:182,28,1,0
BRDA:190,29,0,0
BRDA:190,29,1,0
BRDA:197,30,0,0
BRDA:197,30,1,0
BRDA:213,31,0,0
BRDA:213,31,1,0
BRDA:215,32,0,0
BRDA:215,32,1,0
BRDA:238,33,0,0
BRDA:238,33,1,0
BRDA:240,34,0,0
BRDA:240,34,1,0
BRDA:240,34,2,0
BRDA:240,34,3,0
BRDA:240,34,4,0
BRDA:240,34,5,0
BRDA:270,35,0,0
BRDA:270,35,1,0
BRDA:270,36,0,0
BRDA:270,36,1,0
BRDA:270,36,2,0
BRDA:277,37,0,0
BRDA:277,37,1,0
BRDA:280,38,0,0
BRDA:280,38,1,0
BRDA:286,39,0,0
BRDA:286,39,1,0
BRDA:290,40,0,0
BRDA:290,40,1,0
BRDA:300,41,0,0
BRDA:300,41,1,0
BRDA:313,42,0,0
BRDA:313,42,1,0
BRDA:318,43,0,0
BRDA:318,43,1,0
BRDA:323,44,0,0
BRDA:323,44,1,0
BRDA:347,45,0,0
BRDA:347,45,1,0
BRDA:349,46,0,0
BRDA:349,46,1,0
BRDA:355,47,0,0
BRDA:355,47,1,0
BRDA:355,48,0,0
BRDA:355,48,1,0
BRDA:371,49,0,0
BRDA:371,49,1,0
BRDA:380,50,0,0
BRDA:380,50,1,0
BRDA:388,51,0,0
BRDA:388,51,1,0
BRDA:400,52,0,0
BRDA:400,52,1,0
BRDA:403,53,0,0
BRDA:403,53,1,0
BRDA:403,54,0,0
BRDA:403,54,1,0
BRDA:428,55,0,0
BRDA:428,55,1,0
BRDA:456,56,0,0
BRDA:456,56,1,0
BRDA:468,57,0,0
BRDA:468,57,1,0
BRDA:482,58,0,0
BRDA:482,58,1,0
BRDA:497,59,0,0
BRDA:497,59,1,0
BRDA:498,60,0,0
BRDA:498,60,1,0
BRDA:500,61,0,0
BRDA:500,61,1,0
BRDA:504,62,0,0
BRDA:504,62,1,0
BRDA:505,63,0,0
BRDA:505,63,1,0
BRDA:506,64,0,0
BRDA:506,64,1,0
BRDA:512,65,0,0
BRDA:512,65,1,0
BRDA:526,66,0,0
BRDA:526,66,1,0
BRDA:530,67,0,0
BRDA:530,67,1,0
BRDA:530,68,0,0
BRDA:530,68,1,0
BRDA:536,69,0,0
BRDA:536,69,1,0
BRF:138
BRH:0
end_of_record
TN:
SF:js\reset-password.js
FN:1,(anonymous_0)
FN:39,showAlert
FN:48,togglePassword
FN:54,validatePasswordPolicy
FN:70,ensureSessionExistsForReset
FN:81,clearFirstTimeFlag
FN:94,(anonymous_6)
FN:100,(anonymous_7)
FN:106,(anonymous_8)
FN:170,(anonymous_9)
FN:184,(anonymous_10)
FNF:11
FNH:0
FNDA:0,(anonymous_0)
FNDA:0,showAlert
FNDA:0,togglePassword
FNDA:0,validatePasswordPolicy
FNDA:0,ensureSessionExistsForReset
FNDA:0,clearFirstTimeFlag
FNDA:0,(anonymous_6)
FNDA:0,(anonymous_7)
FNDA:0,(anonymous_8)
FNDA:0,(anonymous_9)
FNDA:0,(anonymous_10)
DA:1,0
DA:2,0
DA:4,0
DA:6,0
DA:11,0
DA:13,0
DA:14,0
DA:15,0
DA:16,0
DA:17,0
DA:18,0
DA:19,0
DA:21,0
DA:22,0
DA:23,0
DA:24,0
DA:26,0
DA:27,0
DA:29,0
DA:30,0
DA:31,0
DA:34,0
DA:35,0
DA:40,0
DA:49,0
DA:50,0
DA:51,0
DA:55,0
DA:56,0
DA:57,0
DA:58,0
DA:59,0
DA:61,0
DA:71,0
DA:73,0
DA:74,0
DA:75,0
DA:78,0
DA:82,0
DA:87,0
DA:88,0
DA:89,0
DA:93,0
DA:94,0
DA:95,0
DA:99,0
DA:100,0
DA:101,0
DA:105,0
DA:106,0
DA:107,0
DA:109,0
DA:111,0
DA:112,0
DA:114,0
DA:115,0
DA:116,0
DA:119,0
DA:120,0
DA:124,0
DA:127,0
DA:128,0
DA:129,0
DA:132,0
DA:133,0
DA:134,0
DA:137,0
DA:138,0
DA:140,0
DA:141,0
DA:145,0
DA:148,0
DA:152,0
DA:153,0
DA:157,0
DA:160,0
DA:161,0
DA:163,0
DA:168,0
DA:170,0
DA:171,0
DA:174,0
DA:177,0
DA:182,0
DA:184,0
DA:185,0
DA:188,0
DA:189,0
DA:191,0
DA:192,0
LF:90
LH:0
BRDA:27,0,0,0
BRDA:27,0,1,0
BRDA:29,1,0,0
BRDA:29,1,1,0
BRDA:50,2,0,0
BRDA:50,2,1,0
BRDA:51,3,0,0
BRDA:51,3,1,0
BRDA:62,4,0,0
BRDA:62,4,1,0
BRDA:62,4,2,0
BRDA:62,4,3,0
BRDA:62,4,4,0
BRDA:73,5,0,0
BRDA:73,5,1,0
BRDA:78,6,0,0
BRDA:78,6,1,0
BRDA:87,7,0,0
BRDA:87,7,1,0
BRDA:93,8,0,0
BRDA:93,8,1,0
BRDA:99,9,0,0
BRDA:99,9,1,0
BRDA:105,10,0,0
BRDA:105,10,1,0
BRDA:114,11,0,0
BRDA:114,11,1,0
BRDA:114,12,0,0
BRDA:114,12,1,0
BRDA:119,13,0,0
BRDA:119,13,1,0
BRDA:127,14,0,0
BRDA:127,14,1,0
BRDA:140,15,0,0
BRDA:140,15,1,0
BRDA:140,16,0,0
BRDA:140,16,1,0
BRDA:152,17,0,0
BRDA:152,17,1,0
BRDA:154,18,0,0
BRDA:154,18,1,0
BRDA:160,19,0,0
BRDA:160,19,1,0
BRF:43
BRH:0
end_of_record
TN:
SF:js\session.js
FN:3,(anonymous_0)
FN:21,getSupabaseClient
FN:30,getSession
FN:44,getUser
FN:55,getProfile
FN:79,cacheSafePostLoginRedirect
FN:110,clearLocalSessionContext
FN:115,logoutUser
FN:146,clearIdleTimer
FN:153,resetIdleTimer
FN:156,(anonymous_10)
FN:162,attachActivityListeners
FN:174,(anonymous_12)
FN:181,startIdleTimeout
FN:186,stopIdleTimeout
FN:193,redirectToRoleDashboard
FN:213,requireAuth
FN:234,roleMatches
FN:244,requireRole
FN:271,protectPage
FN:281,attachAuthStateListener
FN:287,(anonymous_21)
FNF:22
FNH:0
FNDA:0,(anonymous_0)
FNDA:0,getSupabaseClient
FNDA:0,getSession
FNDA:0,getUser
FNDA:0,getProfile
FNDA:0,cacheSafePostLoginRedirect
FNDA:0,clearLocalSessionContext
FNDA:0,logoutUser
FNDA:0,clearIdleTimer
FNDA:0,resetIdleTimer
FNDA:0,(anonymous_10)
FNDA:0,attachActivityListeners
FNDA:0,(anonymous_12)
FNDA:0,startIdleTimeout
FNDA:0,stopIdleTimeout
FNDA:0,redirectToRoleDashboard
FNDA:0,requireAuth
FNDA:0,roleMatches
FNDA:0,requireRole
FNDA:0,protectPage
FNDA:0,attachAuthStateListener
FNDA:0,(anonymous_21)
DA:3,0
DA:4,0
DA:9,0
DA:10,0
DA:15,0
DA:17,0
DA:18,0
DA:19,0
DA:23,0
DA:24,0
DA:25,0
DA:27,0
DA:31,0
DA:32,0
DA:34,0
DA:36,0
DA:37,0
DA:38,0
DA:41,0
DA:45,0
DA:46,0
DA:56,0
DA:57,0
DA:59,0
DA:67,0
DA:68,0
DA:69,0
DA:72,0
DA:80,0
DA:81,0
DA:82,0
DA:83,0
DA:88,0
DA:91,0
DA:92,0
DA:98,0
DA:111,0
DA:112,0
DA:116,0
DA:118,0
DA:119,0
DA:120,0
DA:123,0
DA:126,0
DA:128,0
DA:129,0
DA:130,0
DA:133,0
DA:134,0
DA:135,0
DA:138,0
DA:139,0
DA:140,0
DA:143,0
DA:147,0
DA:148,0
DA:149,0
DA:154,0
DA:156,0
DA:157,0
DA:158,0
DA:163,0
DA:165,0
DA:174,0
DA:175,0
DA:178,0
DA:182,0
DA:183,0
DA:187,0
DA:194,0
DA:196,0
DA:197,0
DA:199,0
DA:200,0
DA:202,0
DA:203,0
DA:205,0
DA:206,0
DA:208,0
DA:209,0
DA:214,0
DA:216,0
DA:220,0
DA:222,0
DA:223,0
DA:226,0
DA:235,0
DA:237,0
DA:238,0
DA:241,0
DA:245,0
DA:246,0
DA:248,0
DA:250,0
DA:251,0
DA:252,0
DA:256,0
DA:257,0
DA:258,0
DA:259,0
DA:263,0
DA:264,0
DA:265,0
DA:268,0
DA:272,0
DA:273,0
DA:275,0
DA:276,0
DA:278,0
DA:282,0
DA:284,0
DA:285,0
DA:287,0
DA:288,0
DA:289,0
DA:292,0
DA:293,0
DA:297,0
DA:300,0
LF:119
LH:0
BRDA:23,0,0,0
BRDA:23,0,1,0
BRDA:32,1,0,0
BRDA:32,1,1,0
BRDA:36,2,0,0
BRDA:36,2,1,0
BRDA:41,3,0,0
BRDA:41,3,1,0
BRDA:46,4,0,0
BRDA:46,4,1,0
BRDA:57,5,0,0
BRDA:57,5,1,0
BRDA:57,6,0,0
BRDA:57,6,1,0
BRDA:67,7,0,0
BRDA:67,7,1,0
BRDA:81,8,0,0
BRDA:81,8,1,0
BRDA:82,9,0,0
BRDA:82,9,1,0
BRDA:83,10,0,0
BRDA:83,10,1,0
BRDA:88,11,0,0
BRDA:88,11,1,0
BRDA:91,12,0,0
BRDA:91,12,1,0
BRDA:91,13,0,0
BRDA:91,13,1,0
BRDA:115,14,0,0
BRDA:119,15,0,0
BRDA:119,15,1,0
BRDA:128,16,0,0
BRDA:128,16,1,0
BRDA:133,17,0,0
BRDA:133,17,1,0
BRDA:138,18,0,0
BRDA:138,18,1,0
BRDA:147,19,0,0
BRDA:147,19,1,0
BRDA:163,20,0,0
BRDA:163,20,1,0
BRDA:194,21,0,0
BRDA:194,21,1,0
BRDA:194,21,2,0
BRDA:194,21,3,0
BRDA:194,21,4,0
BRDA:216,22,0,0
BRDA:216,22,1,0
BRDA:235,23,0,0
BRDA:235,23,1,0
BRDA:237,24,0,0
BRDA:237,24,1,0
BRDA:246,25,0,0
BRDA:246,25,1,0
BRDA:250,26,0,0
BRDA:250,26,1,0
BRDA:256,27,0,0
BRDA:256,27,1,0
BRDA:257,28,0,0
BRDA:257,28,1,0
BRDA:263,29,0,0
BRDA:263,29,1,0
BRDA:271,30,0,0
BRDA:273,31,0,0
BRDA:273,31,1,0
BRDA:282,32,0,0
BRDA:282,32,1,0
BRDA:285,33,0,0
BRDA:285,33,1,0
BRDA:288,34,0,0
BRDA:288,34,1,0
BRDA:292,35,0,0
BRDA:292,35,1,0
BRDA:292,36,0,0
BRDA:292,36,1,0
BRF:75
BRH:0
end_of_record
